<?xml version="1.0" encoding="UTF-8"?>
<testng-results ignored="0" total="1" passed="1" failed="0" skipped="0">
  <reporter-output>
  </reporter-output>
  <suite started-at="2024-05-30T17:36:01 IST" name="Suite" finished-at="2024-05-30T17:36:08 IST" duration-ms="7653">
    <groups>
    </groups>
    <test started-at="2024-05-30T17:36:01 IST" name="Test" finished-at="2024-05-30T17:36:08 IST" duration-ms="7653">
      <class name="seleniumbasicprograms.AzureTest">
        <test-method signature="azureTestExecution()[pri:0, instance:seleniumbasicprograms.AzureTest@2145b572]" started-at="2024-05-30T17:36:01 IST" name="azureTestExecution" finished-at="2024-05-30T17:36:08 IST" duration-ms="7616" status="PASS">
          <reporter-output>
          </reporter-output>
        </test-method> <!-- azureTestExecution -->
      </class> <!-- seleniumbasicprograms.AzureTest -->
    </test> <!-- Test -->
  </suite> <!-- Suite -->
</testng-results>
